<?xml version="1.0" encoding="utf-8"?><testsuites name="pytest tests"><testsuite name="pytest" errors="0" failures="0" skipped="0" tests="10" time="0.233" timestamp="2026-02-05T09:59:40.576059+09:00" hostname="MacBookPro_M2"><testcase classname="tests.test_jira_cli" name="test_split_and_assignee_parsing" file="tests/test_jira_cli.py" line="45" time="0.000"><properties><property name="description" value="CSV 파싱과 assignee 파싱이 규칙대로 동작한다." /><property name="step" value="CSV/assignee 입력을 각각 변환 함수에 전달한다." /><property name="actual" value="리스트/assignee 딕셔너리 반환." /><property name="expected" value="공백 제거 및 접두어 규칙에 맞는 결과." /></properties></testcase><testcase classname="tests.test_jira_cli" name="test_create_issue_with_extras_and_attachment" file="tests/test_jira_cli.py" line="62" time="0.004"><properties><property name="description" value="이슈 생성과 코멘트/첨부파일 처리 흐름을 검증한다." /><property name="step" value="더미 Jira로 create_issue_with_extras 호출." /><property name="actual" value="이슈 키/ID, 첨부파일 목록 반환." /><property name="expected" value="필드 매핑과 첨부 처리 성공." /></properties></testcase><testcase classname="tests.test_jira_cli" name="test_create_issue_bad_response" file="tests/test_jira_cli.py" line="104" time="0.000"><properties><property name="description" value="이슈 생성 응답이 비정상일 때 예외를 던진다." /><property name="step" value="issue_create가 비딕셔너리를 반환하도록 설정." /><property name="actual" value="IssueCreationError 발생." /><property name="expected" value="비정상 응답 형식 검증." /></properties></testcase><testcase classname="tests.test_jira_cli" name="test_update_issue_fields_and_comment" file="tests/test_jira_cli.py" line="127" time="0.000"><properties><property name="description" value="이슈 업데이트와 코멘트/첨부 처리 성공을 검증한다." /><property name="step" value="update_issue로 다양한 필드와 첨부를 전달." /><property name="actual" value="업데이트 결과 및 첨부 목록 반환." /><property name="expected" value="모든 필드가 업데이트에 포함됨." /></properties></testcase><testcase classname="tests.test_jira_cli" name="test_update_issue_no_changes_raises" file="tests/test_jira_cli.py" line="167" time="0.000"><properties><property name="description" value="수정 내용이 없으면 예외를 발생시킨다." /><property name="step" value="모든 옵션을 None으로 update_issue 호출." /><property name="actual" value="IssueUpdateError 발생." /><property name="expected" value="수정 내용 없음 처리." /></properties></testcase><testcase classname="tests.test_jira_cli" name="test_update_issue_fields_error" file="tests/test_jira_cli.py" line="191" time="0.000"><properties><property name="description" value="필드 업데이트 실패 시 예외를 래핑한다." /><property name="step" value="issue_update가 예외를 던지는 더미 Jira 사용." /><property name="actual" value="IssueUpdateError 발생." /><property name="expected" value="원인 예외를 업데이트 오류로 변환." /></properties></testcase><testcase classname="tests.test_jira_cli" name="test_upload_attachment_missing_file" file="tests/test_jira_cli.py" line="204" time="0.000"><properties><property name="description" value="첨부파일이 없으면 업로드 오류를 반환한다." /><property name="step" value="존재하지 않는 파일 경로로 upload_attachment 호출." /><property name="actual" value="AttachmentUploadError 발생." /><property name="expected" value="파일 없음 검증." /></properties></testcase><testcase classname="tests.test_jira_cli" name="test_main_create_and_update" file="tests/test_jira_cli.py" line="217" time="0.003"><properties><property name="description" value="CLI create/update/delete 흐름이 정상 종료된다." /><property name="step" value="main에 create/update/delete 인자를 순차 전달." /><property name="actual" value="각 호출의 종료 코드 0." /><property name="expected" value="CLI 플로우 정상 동작." /></properties></testcase><testcase classname="tests.test_jira_cli" name="test_delete_issue_calls_api" file="tests/test_jira_cli.py" line="268" time="0.000"><properties><property name="description" value="이슈 삭제 API 호출이 수행된다." /><property name="step" value="delete_issue 호출 후 더미 상태 확인." /><property name="actual" value="delete_issue 호출 내역 기록." /><property name="expected" value="issue_key와 delete_subtasks가 기록됨." /></properties></testcase><testcase classname="tests.test_jira_cli" name="test_main_delete_requires_confirm" file="tests/test_jira_cli.py" line="283" time="0.001"><properties><property name="description" value="삭제는 confirm/force가 없으면 실패한다." /><property name="step" value="delete 명령에 confirm/force 없이 실행." /><property name="actual" value="종료 코드 1." /><property name="expected" value="안전장치 동작." /></properties></testcase></testsuite></testsuites>